<?xml version="1.0" encoding="UTF-8"?>
<testsuite xmlns:xsi="http://www.w3.org/2001/XMLSchema-instance" xsi:schemaLocation="https://maven.apache.org/surefire/maven-surefire-plugin/xsd/surefire-test-report.xsd" name="TestSuite" time="102.157" tests="4" errors="0" skipped="0" failures="0">
  <properties>
[...]
</properties>
  <testcase name="Verifylogin" classname="com.pagelibrery.com.ranfordhy.TestExecution" time="5.88"/>
  <testcase name="Verifylogin" classname="com.pagelibrery.com.ranfordhy.TestExecution" time="2.619"/>
  <testcase name="Verifybranches" classname="com.pagelibrery.com.ranfordhy.TestExecution" time="1.368"/>
  <testcase name="Verifybranches" classname="com.pagelibrery.com.ranfordhy.TestExecution" time="0.839"/>
</testsuite>